<?xml version="1.0" encoding="UTF-8"?>
<!-- Generated by org.testng.reporters.JUnitXMLReporter -->
<testsuite hostname="HFLT0001452" ignored="0" name="DDE" tests="1" failures="1" timestamp="20 Jun 2017 07:09:12 GMT" time="0.254" errors="0">
  <testcase name="DDE" time="0.003" classname="Test_Finnone.DDE_finnone">
    <failure type="java.lang.NullPointerException">
      <![CDATA[java.lang.NullPointerException
	at Test_Finnone.DDE_finnone.DDE(DDE_finnone.java:56)
... Removed 25 stack frames]]>
    </failure>
  </testcase> <!-- DDE -->
</testsuite> <!-- DDE -->
