<?xml version="1.0" encoding="UTF-8"?>
<!-- Generated by org.testng.reporters.JUnitXMLReporter -->
<testsuite hostname="HFLT0001452" ignored="0" name="DDE_Execution" tests="1" failures="1" timestamp="20 Jun 2017 06:42:21 GMT" time="0.447" errors="0">
  <testcase name="DDE" time="0.003" classname="Test_Finnone.DDE_finnone">
    <failure type="java.lang.NullPointerException">
      <![CDATA[java.lang.NullPointerException
	at com.google.common.base.Preconditions.checkNotNull(Preconditions.java:770)
	at org.openqa.selenium.support.ui.FluentWait.<init>(FluentWait.java:96)
	at org.openqa.selenium.support.ui.WebDriverWait.<init>(WebDriverWait.java:71)
	at org.openqa.selenium.support.ui.WebDriverWait.<init>(WebDriverWait.java:45)
	at Test_Finnone.DDE_finnone.DDE(DDE_finnone.java:52)
... Removed 25 stack frames]]>
    </failure>
  </testcase> <!-- DDE -->
</testsuite> <!-- DDE_Execution -->
