<?xml version="1.0" encoding="UTF-8"?>
<!-- Generated by org.testng.reporters.JUnitXMLReporter -->
<testsuite hostname="HFLT0001452" ignored="0" name="DDE" tests="1" failures="1" timestamp="20 Jun 2017 19:00:23 GMT" time="0.269" errors="0">
  <testcase name="DDE" time="0.262" classname="Test_Finnone.DDE_finnone">
    <failure type="org.testng.internal.reflect.MethodMatcherException" message="
Data provider mismatch
Method: DDE([Parameter{index=0, type=java.lang.String, declaredAnnotations=[]}, Parameter{index=1, type=java.lang.String, declaredAnnotations=[]}, Parameter{index=2, type=java.lang.String, declaredAnnotations=[]}, Parameter{index=3, type=java.lang.String, declaredAnnotations=[]}, Parameter{index=4, type=java.lang.String, declaredAnnotations=[]}, Parameter{index=5, type=java.lang.String, declaredAnnotations=[]}, Parameter{index=6, type=java.lang.String, declaredAnnotations=[]}, Parameter{index=7, type=java.lang.String, declaredAnnotations=[]}, Parameter{index=8, type=java.lang.String, declaredAnnotations=[]}, Parameter{index=9, type=java.lang.String, declaredAnnotations=[]}, Parameter{index=10, type=java.lang.String, declaredAnnotations=[]}, Parameter{index=11, type=java.lang.String, declaredAnnotations=[]}, Parameter{index=12, type=java.lang.String, declaredAnnotations=[]}, Parameter{index=13, type=java.lang.String, declaredAnnotations=[]}, Parameter{index=14, type=java.lang.String, declaredAnnotations=[]}, Parameter{index=15, type=java.lang.String, declaredAnnotations=[]}, Parameter{index=16, type=java.lang.String, declaredAnnotations=[]}])
Arguments: [(java.lang.String)r_jain,(java.lang.String)Hfcl@123,(java.lang.String)del,(java.lang.String)CustomerFname,(java.lang.String)CustomerLname,(java.lang.String)Customer Father Name,(java.lang.String)TWO WHEELER LOAN,(java.lang.String)Income Based Program - IB,(java.lang.String)IB - GENERAL,(java.lang.String)A R C MOTORS,(java.lang.String)GAUTAM NARANG,(java.lang.String)DANISH ALVI,(java.lang.String)Staff,(java.lang.String)20000,(java.lang.String)15]">
      <![CDATA[org.testng.internal.reflect.MethodMatcherException: 
Data provider mismatch
Method: DDE([Parameter{index=0, type=java.lang.String, declaredAnnotations=[]}, Parameter{index=1, type=java.lang.String, declaredAnnotations=[]}, Parameter{index=2, type=java.lang.String, declaredAnnotations=[]}, Parameter{index=3, type=java.lang.String, declaredAnnotations=[]}, Parameter{index=4, type=java.lang.String, declaredAnnotations=[]}, Parameter{index=5, type=java.lang.String, declaredAnnotations=[]}, Parameter{index=6, type=java.lang.String, declaredAnnotations=[]}, Parameter{index=7, type=java.lang.String, declaredAnnotations=[]}, Parameter{index=8, type=java.lang.String, declaredAnnotations=[]}, Parameter{index=9, type=java.lang.String, declaredAnnotations=[]}, Parameter{index=10, type=java.lang.String, declaredAnnotations=[]}, Parameter{index=11, type=java.lang.String, declaredAnnotations=[]}, Parameter{index=12, type=java.lang.String, declaredAnnotations=[]}, Parameter{index=13, type=java.lang.String, declaredAnnotations=[]}, Parameter{index=14, type=java.lang.String, declaredAnnotations=[]}, Parameter{index=15, type=java.lang.String, declaredAnnotations=[]}, Parameter{index=16, type=java.lang.String, declaredAnnotations=[]}])
Arguments: [(java.lang.String)r_jain,(java.lang.String)Hfcl@123,(java.lang.String)del,(java.lang.String)CustomerFname,(java.lang.String)CustomerLname,(java.lang.String)Customer Father Name,(java.lang.String)TWO WHEELER LOAN,(java.lang.String)Income Based Program - IB,(java.lang.String)IB - GENERAL,(java.lang.String)A R C MOTORS,(java.lang.String)GAUTAM NARANG,(java.lang.String)DANISH ALVI,(java.lang.String)Staff,(java.lang.String)20000,(java.lang.String)15]
... Removed 20 stack frames]]>
    </failure>
  </testcase> <!-- DDE -->
</testsuite> <!-- DDE -->
