<?xml version="1.0" encoding="UTF-8"?>
<!-- Generated by org.testng.reporters.JUnitXMLReporter -->
<testsuite hostname="HFLT0001452" ignored="6" name="CAS Regression Test Cases" tests="4" failures="0" timestamp="22 Aug 2017 12:20:10 GMT" time="160.642" errors="0">
  <testcase name="Sourcing" time="23.787" classname="UAT_CAS_Other_than__LPL.sourcing_comments"/>
  <testcase name="PDOCDetails" time="92.121" classname="UAT_CAS_Other_than__LPL.PDOC"/>
  <testcase name="Disbursal_detail" time="24.109" classname="UAT_CAS_Other_than__LPL.Disbursal_details"/>
  <testcase name="Disbursal" time="19.38" classname="UAT_CAS_Other_than__LPL.Disbursal_Initiation"/>
  <testcase name="@AfterSuite Application_logout" time="0.0" classname="utility.BrowserSetup">
    <ignored/>
  </testcase> <!-- @AfterSuite Application_logout -->
  <testcase name="@AfterSuite Application_logout" time="0.0" classname="utility.BrowserSetup">
    <ignored/>
  </testcase> <!-- @AfterSuite Application_logout -->
  <testcase name="@AfterSuite Application_logout" time="0.0" classname="utility.BrowserSetup">
    <ignored/>
  </testcase> <!-- @AfterSuite Application_logout -->
  <testcase name="@BeforeSuite setupapplication" time="0.0" classname="utility.BrowserSetup">
    <ignored/>
  </testcase> <!-- @BeforeSuite setupapplication -->
  <testcase name="@BeforeSuite setupapplication" time="0.0" classname="utility.BrowserSetup">
    <ignored/>
  </testcase> <!-- @BeforeSuite setupapplication -->
  <testcase name="@BeforeSuite setupapplication" time="0.0" classname="utility.BrowserSetup">
    <ignored/>
  </testcase> <!-- @BeforeSuite setupapplication -->
</testsuite> <!-- CAS Regression Test Cases -->
