<?xml version="1.0" encoding="UTF-8"?>
<testng-results skipped="0" failed="0" ignored="6" total="10" passed="4">
  <reporter-output>
  </reporter-output>
  <suite name="CAS Regression Suite" duration-ms="160642" started-at="2017-08-22T12:17:29Z" finished-at="2017-08-22T12:20:10Z">
    <groups>
    </groups>
    <test name="CAS Regression Test Cases" duration-ms="160642" started-at="2017-08-22T12:17:29Z" finished-at="2017-08-22T12:20:10Z">
      <class name="UAT_CAS_Other_than__LPL.Disbursal_details">
        <test-method status="PASS" signature="Disbursal_detail()[pri:0, instance:UAT_CAS_Other_than__LPL.Disbursal_details@57fffcd7]" name="Disbursal_detail" duration-ms="24109" started-at="2017-08-22T17:49:26Z" finished-at="2017-08-22T17:49:50Z">
          <reporter-output>
          </reporter-output>
        </test-method> <!-- Disbursal_detail -->
      </class> <!-- UAT_CAS_Other_than__LPL.Disbursal_details -->
      <class name="UAT_CAS_Other_than__LPL.PDOC">
        <test-method status="PASS" signature="PDOCDetails()[pri:0, instance:UAT_CAS_Other_than__LPL.PDOC@3abbfa04]" name="PDOCDetails" duration-ms="92121" started-at="2017-08-22T17:47:54Z" finished-at="2017-08-22T17:49:26Z">
          <reporter-output>
          </reporter-output>
        </test-method> <!-- PDOCDetails -->
      </class> <!-- UAT_CAS_Other_than__LPL.PDOC -->
      <class name="UAT_CAS_Other_than__LPL.sourcing_comments">
        <test-method status="PASS" signature="setupapplication()[pri:0, instance:UAT_CAS_Other_than__LPL.sourcing_comments@239963d8]" name="setupapplication" is-config="true" duration-ms="11315" started-at="2017-08-22T17:47:18Z" finished-at="2017-08-22T17:47:29Z">
          <reporter-output>
          </reporter-output>
        </test-method> <!-- setupapplication -->
        <test-method status="PASS" signature="Sourcing(java.lang.String, java.lang.String, java.lang.String, java.lang.String, java.lang.String, java.lang.String, java.lang.String, java.lang.String, java.lang.String, java.lang.String, java.lang.String, java.lang.String, java.lang.String, java.lang.String, java.lang.String, java.lang.String, java.lang.String, java.lang.String, java.lang.String, java.lang.String, java.lang.String, java.lang.String, java.lang.String)[pri:0, instance:UAT_CAS_Other_than__LPL.sourcing_comments@239963d8]" name="Sourcing" duration-ms="23787" started-at="2017-08-22T17:47:30Z" data-provider="data-provider" finished-at="2017-08-22T17:47:54Z">
          <params>
            <param index="0">
              <value>
                <![CDATA[vinod_k]]>
              </value>
            </param>
            <param index="1">
              <value>
                <![CDATA[Hero@123]]>
              </value>
            </param>
            <param index="2">
              <value>
                <![CDATA[del]]>
              </value>
            </param>
            <param index="3">
              <value>
                <![CDATA[CustomerFname]]>
              </value>
            </param>
            <param index="4">
              <value>
                <![CDATA[CustomerLname]]>
              </value>
            </param>
            <param index="5">
              <value>
                <![CDATA[Customer Father Name]]>
              </value>
            </param>
            <param index="6">
              <value>
                <![CDATA[TWO WHEELER LOAN]]>
              </value>
            </param>
            <param index="7">
              <value>
                <![CDATA[INCOME BASED PROGRAM - IB]]>
              </value>
            </param>
            <param index="8">
              <value>
                <![CDATA[IB - GENERAL]]>
              </value>
            </param>
            <param index="9">
              <value>
                <![CDATA[100CC]]>
              </value>
            </param>
            <param index="10">
              <value>
                <![CDATA[HF DAWN]]>
              </value>
            </param>
            <param index="11">
              <value>
                <![CDATA[DRUM KICK SPOKE]]>
              </value>
            </param>
            <param index="12">
              <value>
                <![CDATA[A R C MOTORS]]>
              </value>
            </param>
            <param index="13">
              <value>
                <![CDATA[NAVEEN KUMAR SHARMA]]>
              </value>
            </param>
            <param index="14">
              <value>
                <![CDATA[DHARMENDER PANDEY]]>
              </value>
            </param>
            <param index="15">
              <value>
                <![CDATA[Staff]]>
              </value>
            </param>
            <param index="16">
              <value>
                <![CDATA[20000]]>
              </value>
            </param>
            <param index="17">
              <value>
                <![CDATA[12]]>
              </value>
            </param>
            <param index="18">
              <value>
                <![CDATA[09]]>
              </value>
            </param>
            <param index="19">
              <value>
                <![CDATA[2017]]>
              </value>
            </param>
            <param index="20">
              <value>
                <![CDATA[0]]>
              </value>
            </param>
            <param index="21">
              <value>
                <![CDATA[DEALER]]>
              </value>
            </param>
            <param index="22">
              <value>
                <![CDATA[NO]]>
              </value>
            </param>
          </params>
          <reporter-output>
          </reporter-output>
        </test-method> <!-- Sourcing -->
        <test-method status="PASS" signature="Application_logout()[pri:0, instance:UAT_CAS_Other_than__LPL.sourcing_comments@239963d8]" name="Application_logout" is-config="true" duration-ms="2136" started-at="2017-08-22T17:50:10Z" finished-at="2017-08-22T17:50:12Z">
          <reporter-output>
          </reporter-output>
        </test-method> <!-- Application_logout -->
      </class> <!-- UAT_CAS_Other_than__LPL.sourcing_comments -->
      <class name="UAT_CAS_Other_than__LPL.Disbursal_Initiation">
        <test-method status="PASS" signature="Disbursal(java.lang.String, java.lang.String, java.lang.String, java.lang.String, java.lang.String, java.lang.String, java.lang.String, java.lang.String, java.lang.String, java.lang.String, java.lang.String, java.lang.String, java.lang.String, java.lang.String, java.lang.String, java.lang.String, java.lang.String, java.lang.String, java.lang.String, java.lang.String, java.lang.String, java.lang.String, java.lang.String)[pri:0, instance:UAT_CAS_Other_than__LPL.Disbursal_Initiation@31ef45e3]" name="Disbursal" duration-ms="19380" started-at="2017-08-22T17:49:50Z" data-provider="data-provider" finished-at="2017-08-22T17:50:10Z">
          <params>
            <param index="0">
              <value>
                <![CDATA[vinod_k]]>
              </value>
            </param>
            <param index="1">
              <value>
                <![CDATA[Hero@123]]>
              </value>
            </param>
            <param index="2">
              <value>
                <![CDATA[del]]>
              </value>
            </param>
            <param index="3">
              <value>
                <![CDATA[CustomerFname]]>
              </value>
            </param>
            <param index="4">
              <value>
                <![CDATA[CustomerLname]]>
              </value>
            </param>
            <param index="5">
              <value>
                <![CDATA[Customer Father Name]]>
              </value>
            </param>
            <param index="6">
              <value>
                <![CDATA[TWO WHEELER LOAN]]>
              </value>
            </param>
            <param index="7">
              <value>
                <![CDATA[INCOME BASED PROGRAM - IB]]>
              </value>
            </param>
            <param index="8">
              <value>
                <![CDATA[IB - GENERAL]]>
              </value>
            </param>
            <param index="9">
              <value>
                <![CDATA[100CC]]>
              </value>
            </param>
            <param index="10">
              <value>
                <![CDATA[HF DAWN]]>
              </value>
            </param>
            <param index="11">
              <value>
                <![CDATA[DRUM KICK SPOKE]]>
              </value>
            </param>
            <param index="12">
              <value>
                <![CDATA[A R C MOTORS]]>
              </value>
            </param>
            <param index="13">
              <value>
                <![CDATA[NAVEEN KUMAR SHARMA]]>
              </value>
            </param>
            <param index="14">
              <value>
                <![CDATA[DHARMENDER PANDEY]]>
              </value>
            </param>
            <param index="15">
              <value>
                <![CDATA[Staff]]>
              </value>
            </param>
            <param index="16">
              <value>
                <![CDATA[20000]]>
              </value>
            </param>
            <param index="17">
              <value>
                <![CDATA[12]]>
              </value>
            </param>
            <param index="18">
              <value>
                <![CDATA[09]]>
              </value>
            </param>
            <param index="19">
              <value>
                <![CDATA[2017]]>
              </value>
            </param>
            <param index="20">
              <value>
                <![CDATA[0]]>
              </value>
            </param>
            <param index="21">
              <value>
                <![CDATA[DEALER]]>
              </value>
            </param>
            <param index="22">
              <value>
                <![CDATA[NO]]>
              </value>
            </param>
          </params>
          <reporter-output>
          </reporter-output>
        </test-method> <!-- Disbursal -->
      </class> <!-- UAT_CAS_Other_than__LPL.Disbursal_Initiation -->
    </test> <!-- CAS Regression Test Cases -->
  </suite> <!-- CAS Regression Suite -->
</testng-results>
